{
  "RSpec": {
    "coverage": {
      "/Users/amandavuong/Dropbox/projects/week5/makers-bnb/spec/features/login_spec.rb": {
        "lines": [
          1,
          null,
          1,
          1,
          1,
          1,
          1,
          1,
          1,
          1,
          0,
          null,
          null
        ]
      },
      "/Users/amandavuong/Dropbox/projects/week5/makers-bnb/spec/features/signup_spec.rb": {
        "lines": [
          1,
          null,
          1,
          1,
          1,
          1,
          1,
          1,
          1,
          1,
          null,
          null
        ]
      },
      "/Users/amandavuong/Dropbox/projects/week5/makers-bnb/spec/units/user_spec.rb": {
        "lines": [
          1,
          1,
          null,
          1,
          1,
          1,
          1,
          1,
          1,
          1,
          1,
          1,
          null,
          1,
          1,
          1,
          null,
          null,
          null,
          1,
          1,
          1,
          1,
          null,
          1,
          1,
          1,
          null,
          null,
          1,
          1,
          null,
          null,
          null
        ]
      },
      "/Users/amandavuong/Dropbox/projects/week5/makers-bnb/spec/database_helpers.rb": {
        "lines": [
          1,
          null,
          null,
          null,
          null,
          null,
          null,
          null,
          null,
          1,
          1,
          1,
          null
        ]
      }
    },
    "timestamp": 1632306278
  }
}
